f:\vc\filecategory\filecategory\debug\filecategory.pch
f:\vc\filecategory\filecategory\debug\vc120.pdb
f:\vc\filecategory\filecategory\debug\vc120.idb
f:\vc\filecategory\filecategory\debug\stdafx.obj
f:\vc\filecategory\filecategory\debug\cwmpplayer40.obj
f:\vc\filecategory\filecategory\debug\dledit.obj
f:\vc\filecategory\filecategory\debug\filecategory.obj
f:\vc\filecategory\filecategory\debug\filecategorydlg.obj
f:\vc\filecategory\debug\filecategory.ilk
f:\vc\filecategory\debug\filecategory.exe
f:\vc\filecategory\debug\filecategory.pdb
f:\vc\filecategory\filecategory\debug\filecategory.res
f:\vc\filecategory\filecategory\debug\filecategory.tlog\cl.command.1.tlog
f:\vc\filecategory\filecategory\debug\filecategory.tlog\cl.read.1.tlog
f:\vc\filecategory\filecategory\debug\filecategory.tlog\cl.write.1.tlog
f:\vc\filecategory\filecategory\debug\filecategory.tlog\link.command.1.tlog
f:\vc\filecategory\filecategory\debug\filecategory.tlog\link.read.1.tlog
f:\vc\filecategory\filecategory\debug\filecategory.tlog\link.write.1.tlog
f:\vc\filecategory\filecategory\debug\filecategory.tlog\rc.command.1.tlog
f:\vc\filecategory\filecategory\debug\filecategory.tlog\rc.read.1.tlog
f:\vc\filecategory\filecategory\debug\filecategory.tlog\rc.write.1.tlog
