生成启动时间为 2020-6-19 11:08:39。
     1>项目“F:\vc\FileCategory\FileCategory\FileCategory.vcxproj”在节点 2 上(Rebuild 个目标)。
     1>ClCompile:
         D:\Program Files (x86)\Microsoft Visual Studio 12.0\VC\bin\CL.exe /c /ZI /nologo /W3 /WX- /sdl /Od /Oy- /D WIN32 /D _WINDOWS /D _DEBUG /D _MBCS /D _AFXDLL /Gm /EHsc /RTC1 /MDd /GS /fp:precise /Zc:wchar_t /Zc:forScope /Yc"stdafx.h" /Fp"Debug\FileCategory.pch" /Fo"Debug\\" /Fd"Debug\vc120.pdb" /Gd /TP /analyze- /errorReport:prompt stdafx.cpp
         stdafx.cpp
     1>d:\program files (x86)\microsoft visual studio 12.0\vc\atlmfc\include\afx.h(38): warning C4996: 'MBCS_Support_Deprecated_In_MFC': MBCS support in MFC is deprecated and may be removed in a future version of MFC.
                 d:\program files (x86)\microsoft visual studio 12.0\vc\atlmfc\include\afx.h(33) : 参见“MBCS_Support_Deprecated_In_MFC”的声明
         D:\Program Files (x86)\Microsoft Visual Studio 12.0\VC\bin\CL.exe /c /ZI /nologo /W3 /WX- /sdl /Od /Oy- /D WIN32 /D _WINDOWS /D _DEBUG /D _MBCS /D _AFXDLL /Gm /EHsc /RTC1 /MDd /GS /fp:precise /Zc:wchar_t /Zc:forScope /Yu"stdafx.h" /Fp"Debug\FileCategory.pch" /Fo"Debug\\" /Fd"Debug\vc120.pdb" /Gd /TP /analyze- /errorReport:prompt CWMPPlayer40.cpp DLEdit.cpp FileCategory.cpp FileCategoryDlg.cpp
         FileCategoryDlg.cpp
     1>f:\vc\filecategory\filecategory\filecategorydlg.cpp(286): warning C4018: “<”: 有符号/无符号不匹配
     1>f:\vc\filecategory\filecategory\filecategorydlg.cpp(298): warning C4018: “<”: 有符号/无符号不匹配
         FileCategory.cpp
         DLEdit.cpp
         CWMPPlayer40.cpp
         正在生成代码...
       ResourceCompile:
         C:\Program Files (x86)\Windows Kits\8.1\bin\x86\rc.exe /D _DEBUG /D _AFXDLL /l"0x0804" /IDebug\ /nologo /fo"Debug\FileCategory.res" FileCategory.rc 
       Link:
         D:\Program Files (x86)\Microsoft Visual Studio 12.0\VC\bin\link.exe /ERRORREPORT:PROMPT /OUT:"F:\vc\FileCategory\Debug\FileCategory.exe" /INCREMENTAL /NOLOGO /MANIFEST /MANIFESTUAC:"level='asInvoker' uiAccess='false'" /manifest:embed /manifestinput:"D:\Program Files (x86)\Microsoft Visual Studio 12.0\VC\Include\Manifest\dpiaware.manifest" /DEBUG /PDB:"F:\vc\FileCategory\Debug\FileCategory.pdb" /SUBSYSTEM:WINDOWS /TLBID:1 /DYNAMICBASE /NXCOMPAT /IMPLIB:"F:\vc\FileCategory\Debug\FileCategory.lib" /MACHINE:X86 Debug\FileCategory.res
         Debug\CWMPPlayer40.obj
         Debug\DLEdit.obj
         Debug\FileCategory.obj
         Debug\FileCategoryDlg.obj
         Debug\stdafx.obj
         FileCategory.vcxproj -> F:\vc\FileCategory\Debug\FileCategory.exe
     1>已完成生成项目“F:\vc\FileCategory\FileCategory\FileCategory.vcxproj”(Rebuild 个目标)的操作。

生成成功。

已用时间 00:00:03.90
